[2025-08-07 18:07:35,891: INFO: main: Welcome to our custom logger]
[2025-08-12 10:12:06,912: INFO: common: YAML file: config\config.yaml loaded successfully]
[2025-08-12 10:12:06,942: INFO: common: YAML file: params.yaml loaded successfully]
[2025-08-12 10:14:33,499: INFO: common: YAML file: config\config.yaml loaded successfully]
[2025-08-12 10:14:33,504: INFO: common: YAML file: params.yaml loaded successfully]
[2025-08-12 10:14:33,508: INFO: common: created directory at: artifacts]
[2025-08-12 10:14:33,511: INFO: common: created directory at: artifacts/data_ingestion]
[2025-08-12 10:14:33,515: INFO: 2031851159: Downloading file from: https://drive.google.com/file/d/1v2lrZ65u8pzyOXcfmhEXyZ-6p5AYII5F/view?usp=sharing into file artifacts/data_ingestion/data.zip]
[2025-08-12 10:14:46,271: INFO: 2031851159: Download data from https://drive.google.com/file/d/1v2lrZ65u8pzyOXcfmhEXyZ-6p5AYII5F/view?usp=sharing into file artifacts/data_ingestion/data.zip]
[2025-08-12 13:53:16,262: INFO: main: >>>>> stage Data Ingestion stage started <<<<<<<]
[2025-08-12 13:53:16,265: INFO: common: YAML file: config\config.yaml loaded successfully]
[2025-08-12 13:53:16,267: INFO: common: YAML file: params.yaml loaded successfully]
[2025-08-12 13:53:16,268: INFO: common: created directory at: artifacts]
[2025-08-12 13:53:16,269: INFO: common: created directory at: artifacts/data_ingestion]
[2025-08-12 13:53:16,271: INFO: data_ingestion: Downloading data from https://drive.google.com/file/d/1v2lrZ65u8pzyOXcfmhEXyZ-6p5AYII5F/view?usp=sharing into file artifacts/data_ingestion/data.zip]
[2025-08-12 13:53:28,012: INFO: data_ingestion: Downloaded data from https://drive.google.com/file/d/1v2lrZ65u8pzyOXcfmhEXyZ-6p5AYII5F/view?usp=sharing into file artifacts/data_ingestion/data.zip]
[2025-08-12 13:53:29,281: INFO: main: >>>>> stage Data Ingestion stage completed <<<<<<<

x==========x

]
[2025-08-12 17:16:34,014: INFO: common: YAML file: config\config.yaml loaded successfully]
[2025-08-12 17:16:34,044: INFO: common: YAML file: params.yaml loaded successfully]
[2025-08-12 17:16:34,048: INFO: common: created directory at: artifacts]
[2025-08-12 17:16:34,052: INFO: common: created directory at: artifacts/prepare_base_model]
[2025-08-12 17:20:02,293: INFO: common: YAML file: config\config.yaml loaded successfully]
[2025-08-12 17:20:02,300: INFO: common: YAML file: params.yaml loaded successfully]
[2025-08-12 17:20:02,303: INFO: common: created directory at: artifacts]
[2025-08-12 17:20:02,306: INFO: common: created directory at: artifacts/prepare_base_model]
[2025-08-12 17:21:43,876: INFO: common: YAML file: config\config.yaml loaded successfully]
[2025-08-12 17:21:43,883: INFO: common: YAML file: params.yaml loaded successfully]
[2025-08-12 17:21:43,886: INFO: common: created directory at: artifacts]
[2025-08-12 17:21:43,890: INFO: common: created directory at: artifacts/prepare_base_model]
[2025-08-12 17:27:25,769: INFO: common: YAML file: config\config.yaml loaded successfully]
[2025-08-12 17:27:25,777: INFO: common: YAML file: params.yaml loaded successfully]
[2025-08-12 17:27:25,781: INFO: common: created directory at: artifacts]
[2025-08-12 17:27:25,783: INFO: common: created directory at: artifacts/prepare_base_model]
[2025-08-12 17:37:01,346: INFO: common: YAML file: config\config.yaml loaded successfully]
[2025-08-12 17:37:01,355: INFO: common: YAML file: params.yaml loaded successfully]
[2025-08-12 17:37:01,358: INFO: common: created directory at: artifacts]
[2025-08-12 17:37:01,362: INFO: common: created directory at: artifacts/prepare_base_model]
[2025-08-12 17:38:02,150: INFO: common: YAML file: config\config.yaml loaded successfully]
[2025-08-12 17:38:02,157: INFO: common: YAML file: params.yaml loaded successfully]
[2025-08-12 17:38:02,162: INFO: common: created directory at: artifacts]
[2025-08-12 17:38:02,164: INFO: common: created directory at: artifacts/prepare_base_model]
[2025-08-12 17:44:20,098: INFO: common: YAML file: config\config.yaml loaded successfully]
[2025-08-12 17:44:20,106: INFO: common: YAML file: params.yaml loaded successfully]
[2025-08-12 17:44:20,109: INFO: common: created directory at: artifacts]
[2025-08-12 17:44:20,111: INFO: common: created directory at: artifacts/prepare_base_model]
[2025-08-12 17:52:04,465: INFO: common: YAML file: config\config.yaml loaded successfully]
[2025-08-12 17:52:04,471: INFO: common: YAML file: params.yaml loaded successfully]
[2025-08-12 17:52:04,474: INFO: common: created directory at: artifacts]
[2025-08-12 17:52:04,477: INFO: common: created directory at: artifacts/prepare_base_model]
[2025-08-12 17:52:05,387: WARNING: saving_utils: Compiled the loaded model, but the compiled metrics have yet to be built. `model.compile_metrics` will be empty until you train or evaluate the model.]
[2025-08-13 09:28:02,446: INFO: main: >>>>> stage Data Ingestion stage started <<<<<<<]
[2025-08-13 09:28:02,454: INFO: common: YAML file: config\config.yaml loaded successfully]
[2025-08-13 09:28:02,459: INFO: common: YAML file: params.yaml loaded successfully]
[2025-08-13 09:28:02,460: INFO: common: created directory at: artifacts]
[2025-08-13 09:28:02,462: INFO: common: created directory at: artifacts/data_ingestion]
[2025-08-13 09:28:02,465: INFO: data_ingestion: Downloading data from https://drive.google.com/file/d/1v2lrZ65u8pzyOXcfmhEXyZ-6p5AYII5F/view?usp=sharing into file artifacts/data_ingestion/data.zip]
[2025-08-13 09:28:15,304: INFO: data_ingestion: Downloaded data from https://drive.google.com/file/d/1v2lrZ65u8pzyOXcfmhEXyZ-6p5AYII5F/view?usp=sharing into file artifacts/data_ingestion/data.zip]
[2025-08-13 09:28:16,844: INFO: main: >>>>> stage Data Ingestion stage completed <<<<<<<

x==========x

]
[2025-08-13 09:28:16,844: INFO: main: ************************]
[2025-08-13 09:28:16,845: INFO: main: >>>>> stage Prepare base model started <<<<<<<]
[2025-08-13 09:28:16,849: INFO: common: YAML file: config\config.yaml loaded successfully]
[2025-08-13 09:28:16,856: INFO: common: YAML file: params.yaml loaded successfully]
[2025-08-13 09:28:16,857: INFO: common: created directory at: artifacts]
[2025-08-13 09:28:16,858: INFO: common: created directory at: artifacts/prepare_base_model]
[2025-08-13 09:28:18,112: WARNING: saving_utils: Compiled the loaded model, but the compiled metrics have yet to be built. `model.compile_metrics` will be empty until you train or evaluate the model.]
[2025-08-13 09:28:18,560: INFO: main: >>>>> stage Prepare base model completed <<<<<<<

x==========x

]
[2025-08-13 13:10:41,958: INFO: common: YAML file: config\config.yaml loaded successfully]
[2025-08-13 13:10:41,973: INFO: common: YAML file: params.yaml loaded successfully]
[2025-08-13 13:10:41,978: INFO: common: created directory at: artifacts]
[2025-08-13 13:10:41,982: INFO: common: created directory at: artifacts\training]
[2025-08-13 13:18:34,660: INFO: common: YAML file: config\config.yaml loaded successfully]
[2025-08-13 13:18:34,669: INFO: common: YAML file: params.yaml loaded successfully]
[2025-08-13 13:18:34,673: INFO: common: created directory at: artifacts]
[2025-08-13 13:18:34,677: INFO: common: created directory at: artifacts\training]
[2025-08-13 13:19:20,860: INFO: common: YAML file: config\config.yaml loaded successfully]
[2025-08-13 13:19:20,867: INFO: common: YAML file: params.yaml loaded successfully]
[2025-08-13 13:19:20,870: INFO: common: created directory at: artifacts]
[2025-08-13 13:19:20,872: INFO: common: created directory at: artifacts\training]
[2025-08-13 13:31:32,189: INFO: common: YAML file: config\config.yaml loaded successfully]
[2025-08-13 13:31:32,196: INFO: common: YAML file: params.yaml loaded successfully]
[2025-08-13 13:31:32,200: INFO: common: created directory at: artifacts]
[2025-08-13 13:31:32,203: INFO: common: created directory at: artifacts\training]
[2025-08-13 13:39:30,375: INFO: common: YAML file: config\config.yaml loaded successfully]
[2025-08-13 13:39:30,385: INFO: common: YAML file: params.yaml loaded successfully]
[2025-08-13 13:39:30,389: INFO: common: created directory at: artifacts]
[2025-08-13 13:39:30,394: INFO: common: created directory at: artifacts\training]
[2025-08-13 13:45:52,004: INFO: common: YAML file: config\config.yaml loaded successfully]
[2025-08-13 13:45:52,010: INFO: common: YAML file: params.yaml loaded successfully]
[2025-08-13 13:45:52,016: INFO: common: created directory at: artifacts]
[2025-08-13 13:45:52,019: INFO: common: created directory at: artifacts\training]
[2025-08-13 14:21:37,718: INFO: main: >>>>> stage Data Ingestion stage started <<<<<<<]
[2025-08-13 14:21:37,725: INFO: common: YAML file: config\config.yaml loaded successfully]
[2025-08-13 14:21:37,729: INFO: common: YAML file: params.yaml loaded successfully]
[2025-08-13 14:21:37,731: INFO: common: created directory at: artifacts]
[2025-08-13 14:21:37,733: INFO: common: created directory at: artifacts/data_ingestion]
[2025-08-13 14:21:37,734: INFO: data_ingestion: Downloading data from https://drive.google.com/file/d/1v2lrZ65u8pzyOXcfmhEXyZ-6p5AYII5F/view?usp=sharing into file artifacts/data_ingestion/data.zip]
[2025-08-13 14:21:49,770: INFO: data_ingestion: Downloaded data from https://drive.google.com/file/d/1v2lrZ65u8pzyOXcfmhEXyZ-6p5AYII5F/view?usp=sharing into file artifacts/data_ingestion/data.zip]
[2025-08-13 14:21:51,675: INFO: main: >>>>> stage Data Ingestion stage completed <<<<<<<

x==========x

]
[2025-08-13 14:21:51,676: INFO: main: ************************]
[2025-08-13 14:21:51,676: INFO: main: >>>>> stage Prepare base model started <<<<<<<]
[2025-08-13 14:21:51,682: INFO: common: YAML file: config\config.yaml loaded successfully]
[2025-08-13 14:21:51,690: INFO: common: YAML file: params.yaml loaded successfully]
[2025-08-13 14:21:51,692: INFO: common: created directory at: artifacts]
[2025-08-13 14:21:51,694: INFO: common: created directory at: artifacts/prepare_base_model]
[2025-08-13 14:21:53,183: WARNING: saving_utils: Compiled the loaded model, but the compiled metrics have yet to be built. `model.compile_metrics` will be empty until you train or evaluate the model.]
[2025-08-13 14:21:53,637: INFO: main: >>>>> stage Prepare base model completed <<<<<<<

x==========x

]
[2025-08-13 14:21:53,638: INFO: main: ************************]
[2025-08-13 14:21:53,638: INFO: main: >>>>> stage Training started <<<<<<<]
[2025-08-13 14:21:53,644: INFO: common: YAML file: config\config.yaml loaded successfully]
[2025-08-13 14:21:53,648: INFO: common: YAML file: params.yaml loaded successfully]
[2025-08-13 14:21:53,649: INFO: common: created directory at: artifacts]
[2025-08-13 14:21:53,651: INFO: common: created directory at: artifacts\training]
[2025-08-13 14:23:47,769: INFO: main: >>>>> stage Training completed <<<<<<<

x==========x

]
